<?xml version="1.0" encoding="UTF-8"?>
<coverage generated="1586579928480" clover="3.2.0">
  <project timestamp="1586579928480" name="All files">
    <metrics statements="185" coveredstatements="129" conditionals="85" coveredconditionals="46" methods="55" coveredmethods="38" elements="325" coveredelements="213" complexity="0" loc="185" ncloc="185" packages="1" files="5" classes="5"/>
    <file name="no-lonely-if.js" path="/Users/Anshul/fix-js/transforms/no-lonely-if.js">
      <metrics statements="17" coveredstatements="16" conditionals="11" coveredconditionals="9" methods="5" coveredmethods="5"/>
      <line num="1" count="1" type="stmt"/>
      <line num="2" count="1" type="stmt"/>
      <line num="4" count="1" type="cond" truecount="2" falsecount="0"/>
      <line num="5" count="1" type="stmt"/>
      <line num="9" count="1" type="stmt"/>
      <line num="12" count="2" type="stmt"/>
      <line num="14" count="2" type="cond" truecount="1" falsecount="1"/>
      <line num="15" count="2" type="stmt"/>
      <line num="17" count="2" type="stmt"/>
      <line num="24" count="0" type="stmt"/>
      <line num="27" count="2" type="stmt"/>
      <line num="29" count="2" type="stmt"/>
      <line num="31" count="2" type="stmt"/>
      <line num="32" count="1" type="cond" truecount="2" falsecount="0"/>
      <line num="35" count="2" type="stmt"/>
      <line num="36" count="1" type="stmt"/>
      <line num="41" count="1" type="cond" truecount="1" falsecount="1"/>
    </file>
    <file name="no-nested-ternary.js" path="/Users/Anshul/fix-js/transforms/no-nested-ternary.js">
      <metrics statements="24" coveredstatements="23" conditionals="12" coveredconditionals="9" methods="6" coveredmethods="6"/>
      <line num="1" count="1" type="stmt"/>
      <line num="2" count="1" type="stmt"/>
      <line num="4" count="1" type="cond" truecount="2" falsecount="0"/>
      <line num="5" count="1" type="stmt"/>
      <line num="9" count="1" type="cond" truecount="0" falsecount="1"/>
      <line num="10" count="4" type="stmt"/>
      <line num="12" count="4" type="cond" truecount="2" falsecount="0"/>
      <line num="13" count="1" type="stmt"/>
      <line num="16" count="3" type="cond" truecount="1" falsecount="1"/>
      <line num="17" count="0" type="stmt"/>
      <line num="21" count="3" type="stmt"/>
      <line num="24" count="4" type="stmt"/>
      <line num="27" count="1" type="cond" truecount="1" falsecount="0"/>
      <line num="28" count="2" type="stmt"/>
      <line num="34" count="2" type="stmt"/>
      <line num="37" count="1" type="stmt"/>
      <line num="38" count="1" type="stmt"/>
      <line num="40" count="1" type="stmt"/>
      <line num="42" count="1" type="stmt"/>
      <line num="45" count="1" type="stmt"/>
      <line num="46" count="2" type="cond" truecount="2" falsecount="0"/>
      <line num="49" count="1" type="stmt"/>
      <line num="51" count="1" type="stmt"/>
      <line num="55" count="1" type="cond" truecount="1" falsecount="1"/>
    </file>
    <file name="no-unused-vars.js" path="/Users/Anshul/fix-js/transforms/no-unused-vars.js">
      <metrics statements="41" coveredstatements="11" conditionals="20" coveredconditionals="5" methods="12" coveredmethods="1"/>
      <line num="1" count="1" type="stmt"/>
      <line num="2" count="1" type="stmt"/>
      <line num="4" count="1" type="cond" truecount="2" falsecount="0"/>
      <line num="5" count="1" type="stmt"/>
      <line num="9" count="1" type="stmt"/>
      <line num="10" count="0" type="stmt"/>
      <line num="11" count="0" type="cond" truecount="0" falsecount="2"/>
      <line num="12" count="0" type="stmt"/>
      <line num="15" count="0" type="stmt"/>
      <line num="18" count="0" type="stmt"/>
      <line num="21" count="1" type="stmt"/>
      <line num="22" count="0" type="stmt"/>
      <line num="23" count="0" type="cond" truecount="0" falsecount="2"/>
      <line num="24" count="0" type="stmt"/>
      <line num="27" count="0" type="stmt"/>
      <line num="30" count="0" type="stmt"/>
      <line num="33" count="1" type="stmt"/>
      <line num="34" count="0" type="stmt"/>
      <line num="36" count="0" type="stmt"/>
      <line num="37" count="0" type="stmt"/>
      <line num="39" count="0" type="cond" truecount="0" falsecount="2"/>
      <line num="40" count="0" type="stmt"/>
      <line num="44" count="0" type="stmt"/>
      <line num="47" count="1" type="stmt"/>
      <line num="48" count="0" type="stmt"/>
      <line num="50" count="0" type="cond" truecount="0" falsecount="2"/>
      <line num="51" count="0" type="stmt"/>
      <line num="53" count="0" type="stmt"/>
      <line num="56" count="0" type="stmt"/>
      <line num="58" count="0" type="stmt"/>
      <line num="59" count="0" type="stmt"/>
      <line num="60" count="0" type="cond" truecount="0" falsecount="4"/>
      <line num="61" count="0" type="stmt"/>
      <line num="64" count="0" type="stmt"/>
      <line num="67" count="0" type="cond" truecount="0" falsecount="2"/>
      <line num="69" count="0" type="stmt"/>
      <line num="74" count="1" type="stmt"/>
      <line num="77" count="0" type="stmt"/>
      <line num="81" count="1" type="stmt"/>
      <line num="84" count="0" type="stmt"/>
      <line num="88" count="1" type="cond" truecount="3" falsecount="1"/>
    </file>
    <file name="react-action-as.js" path="/Users/Anshul/fix-js/transforms/react-action-as.js">
      <metrics statements="21" coveredstatements="18" conditionals="14" coveredconditionals="9" methods="8" coveredmethods="8"/>
      <line num="1" count="1" type="stmt"/>
      <line num="2" count="1" type="stmt"/>
      <line num="4" count="1" type="cond" truecount="2" falsecount="0"/>
      <line num="5" count="1" type="stmt"/>
      <line num="9" count="1" type="stmt"/>
      <line num="11" count="1" type="stmt"/>
      <line num="14" count="1" type="stmt"/>
      <line num="15" count="1" type="stmt"/>
      <line num="18" count="1" type="stmt"/>
      <line num="19" count="1" type="cond" truecount="1" falsecount="1"/>
      <line num="20" count="1" type="stmt"/>
      <line num="23" count="0" type="stmt"/>
      <line num="28" count="1" type="stmt"/>
      <line num="30" count="1" type="cond" truecount="2" falsecount="0"/>
      <line num="33" count="1" type="stmt"/>
      <line num="34" count="1" type="cond" truecount="1" falsecount="1"/>
      <line num="35" count="0" type="stmt"/>
      <line num="38" count="1" type="cond" truecount="1" falsecount="1"/>
      <line num="39" count="1" type="stmt"/>
      <line num="45" count="0" type="stmt"/>
      <line num="50" count="1" type="cond" truecount="2" falsecount="2"/>
    </file>
    <file name="react-destruct-assign.js" path="/Users/Anshul/fix-js/transforms/react-destruct-assign.js">
      <metrics statements="82" coveredstatements="61" conditionals="28" coveredconditionals="14" methods="24" coveredmethods="18"/>
      <line num="1" count="1" type="stmt"/>
      <line num="3" count="1" type="stmt"/>
      <line num="4" count="1" type="stmt"/>
      <line num="6" count="1" type="cond" truecount="2" falsecount="0"/>
      <line num="7" count="1" type="stmt"/>
      <line num="11" count="1" type="stmt"/>
      <line num="13" count="1" type="stmt"/>
      <line num="14" count="2" type="stmt"/>
      <line num="16" count="10" type="cond" truecount="2" falsecount="0"/>
      <line num="19" count="3" type="stmt"/>
      <line num="23" count="2" type="stmt"/>
      <line num="24" count="3" type="stmt"/>
      <line num="27" count="2" type="stmt"/>
      <line num="29" count="2" type="stmt"/>
      <line num="30" count="2" type="stmt"/>
      <line num="32" count="2" type="stmt"/>
      <line num="34" count="2" type="stmt"/>
      <line num="36" count="2" type="stmt"/>
      <line num="37" count="3" type="stmt"/>
      <line num="40" count="2" type="stmt"/>
      <line num="42" count="2" type="stmt"/>
      <line num="44" count="2" type="stmt"/>
      <line num="46" count="2" type="stmt"/>
      <line num="48" count="2" type="stmt"/>
      <line num="50" count="2" type="stmt"/>
      <line num="51" count="3" type="stmt"/>
      <line num="53" count="3" type="stmt"/>
      <line num="56" count="2" type="stmt"/>
      <line num="58" count="2" type="stmt"/>
      <line num="59" count="0" type="stmt"/>
      <line num="62" count="2" type="stmt"/>
      <line num="63" count="0" type="stmt"/>
      <line num="71" count="2" type="cond" truecount="1" falsecount="1"/>
      <line num="72" count="0" type="stmt"/>
      <line num="74" count="0" type="stmt"/>
      <line num="76" count="0" type="stmt"/>
      <line num="77" count="0" type="stmt"/>
      <line num="80" count="0" type="stmt"/>
      <line num="81" count="0" type="stmt"/>
      <line num="84" count="0" type="cond" truecount="0" falsecount="2"/>
      <line num="85" count="0" type="stmt"/>
      <line num="88" count="0" type="stmt"/>
      <line num="89" count="0" type="stmt"/>
      <line num="92" count="0" type="stmt"/>
      <line num="95" count="0" type="stmt"/>
      <line num="97" count="0" type="cond" truecount="0" falsecount="2"/>
      <line num="99" count="0" type="stmt"/>
      <line num="102" count="0" type="stmt"/>
      <line num="103" count="0" type="stmt"/>
      <line num="106" count="0" type="stmt"/>
      <line num="108" count="2" type="cond" truecount="1" falsecount="1"/>
      <line num="109" count="0" type="stmt"/>
      <line num="112" count="2" type="stmt"/>
      <line num="113" count="3" type="stmt"/>
      <line num="116" count="2" type="stmt"/>
      <line num="130" count="1" type="stmt"/>
      <line num="132" count="1" type="stmt"/>
      <line num="134" count="2" type="stmt"/>
      <line num="135" count="1" type="stmt"/>
      <line num="139" count="1" type="stmt"/>
      <line num="140" count="2" type="stmt"/>
      <line num="143" count="1" type="stmt"/>
      <line num="145" count="1" type="stmt"/>
      <line num="147" count="1" type="stmt"/>
      <line num="148" count="2" type="stmt"/>
      <line num="149" count="2" type="stmt"/>
      <line num="151" count="2" type="stmt"/>
      <line num="153" count="2" type="cond" truecount="2" falsecount="0"/>
      <line num="154" count="1" type="stmt"/>
      <line num="156" count="1" type="stmt"/>
      <line num="159" count="2" type="stmt"/>
      <line num="162" count="1" type="stmt"/>
      <line num="164" count="1" type="cond" truecount="1" falsecount="1"/>
      <line num="165" count="1" type="stmt"/>
      <line num="166" count="2" type="cond" truecount="2" falsecount="0"/>
      <line num="167" count="1" type="stmt"/>
      <line num="170" count="1" type="stmt"/>
      <line num="173" count="1" type="stmt"/>
      <line num="174" count="1" type="cond" truecount="1" falsecount="1"/>
      <line num="175" count="1" type="stmt"/>
      <line num="178" count="0" type="stmt"/>
      <line num="183" count="1" type="cond" truecount="2" falsecount="2"/>
    </file>
  </project>
</coverage>
