{"/Users/Anshul/fix-js/transforms/no-lonely-if.js": {"path":"/Users/Anshul/fix-js/transforms/no-lonely-if.js","statementMap":{"0":{"start":{"line":1,"column":0},"end":{"line":42,"column":2}},"1":{"start":{"line":2,"column":12},"end":{"line":2,"column":27}},"2":{"start":{"line":4,"column":23},"end":{"line":4,"column":66}},"3":{"start":{"line":5,"column":15},"end":{"line":5,"column":29}},"4":{"start":{"line":9,"column":23},"end":{"line":39,"column":11}},"5":{"start":{"line":12,"column":42},"end":{"line":12,"column":79}},"6":{"start":{"line":14,"column":6},"end":{"line":22,"column":7}},"7":{"start":{"line":15,"column":35},"end":{"line":15,"column":78}},"8":{"start":{"line":17,"column":8},"end":{"line":21,"column":10}},"9":{"start":{"line":24,"column":6},"end":{"line":24,"column":19}},"10":{"start":{"line":27,"column":42},"end":{"line":27,"column":79}},"11":{"start":{"line":29,"column":41},"end":{"line":29,"column":85}},"12":{"start":{"line":31,"column":39},"end":{"line":33,"column":8}},"13":{"start":{"line":32,"column":8},"end":{"line":32,"column":85}},"14":{"start":{"line":35,"column":6},"end":{"line":37,"column":9}},"15":{"start":{"line":36,"column":8},"end":{"line":36,"column":61}},"16":{"start":{"line":41,"column":2},"end":{"line":41,"column":59}}},"fnMap":{"0":{"name":"(anonymous_0)","decl":{"start":{"line":1,"column":17},"end":{"line":1,"column":18}},"loc":{"start":{"line":1,"column":41},"end":{"line":42,"column":1}},"line":1},"1":{"name":"(anonymous_1)","decl":{"start":{"line":11,"column":12},"end":{"line":11,"column":13}},"loc":{"start":{"line":11,"column":26},"end":{"line":25,"column":5}},"line":11},"2":{"name":"(anonymous_2)","decl":{"start":{"line":26,"column":13},"end":{"line":26,"column":14}},"loc":{"start":{"line":26,"column":27},"end":{"line":38,"column":5}},"line":26},"3":{"name":"(anonymous_3)","decl":{"start":{"line":31,"column":74},"end":{"line":31,"column":75}},"loc":{"start":{"line":31,"column":84},"end":{"line":33,"column":7}},"line":31},"4":{"name":"(anonymous_4)","decl":{"start":{"line":35,"column":39},"end":{"line":35,"column":40}},"loc":{"start":{"line":35,"column":64},"end":{"line":37,"column":7}},"line":35}},"branchMap":{"0":{"loc":{"start":{"line":4,"column":23},"end":{"line":4,"column":66}},"type":"binary-expr","locations":[{"start":{"line":4,"column":23},"end":{"line":4,"column":43}},{"start":{"line":4,"column":47},"end":{"line":4,"column":66}}],"line":4},"1":{"loc":{"start":{"line":14,"column":6},"end":{"line":22,"column":7}},"type":"if","locations":[{"start":{"line":14,"column":6},"end":{"line":22,"column":7}},{"start":{"line":14,"column":6},"end":{"line":22,"column":7}}],"line":14},"2":{"loc":{"start":{"line":18,"column":10},"end":{"line":20,"column":54}},"type":"binary-expr","locations":[{"start":{"line":18,"column":10},"end":{"line":18,"column":44}},{"start":{"line":19,"column":10},"end":{"line":19,"column":41}},{"start":{"line":20,"column":10},"end":{"line":20,"column":54}}],"line":18},"3":{"loc":{"start":{"line":32,"column":15},"end":{"line":32,"column":84}},"type":"binary-expr","locations":[{"start":{"line":32,"column":15},"end":{"line":32,"column":29}},{"start":{"line":32,"column":33},"end":{"line":32,"column":84}}],"line":32},"4":{"loc":{"start":{"line":41,"column":9},"end":{"line":41,"column":58}},"type":"cond-expr","locations":[{"start":{"line":41,"column":24},"end":{"line":41,"column":51}},{"start":{"line":41,"column":54},"end":{"line":41,"column":58}}],"line":41}},"s":{"0":1,"1":1,"2":1,"3":1,"4":1,"5":2,"6":2,"7":2,"8":2,"9":0,"10":2,"11":2,"12":2,"13":1,"14":2,"15":1,"16":1},"f":{"0":1,"1":2,"2":2,"3":1,"4":1},"b":{"0":[1,1],"1":[2,0],"2":[2,2,2],"3":[1,1],"4":[1,0]},"_coverageSchema":"1a1c01bbd47fc00a2c39e90264f33305004495a9","hash":"5f3df84f68780e9aeedae1433f1409230e2be5de"}
,"/Users/Anshul/fix-js/transforms/no-nested-ternary.js": {"path":"/Users/Anshul/fix-js/transforms/no-nested-ternary.js","statementMap":{"0":{"start":{"line":1,"column":0},"end":{"line":56,"column":2}},"1":{"start":{"line":2,"column":12},"end":{"line":2,"column":27}},"2":{"start":{"line":4,"column":23},"end":{"line":4,"column":66}},"3":{"start":{"line":5,"column":15},"end":{"line":5,"column":29}},"4":{"start":{"line":9,"column":34},"end":{"line":25,"column":3}},"5":{"start":{"line":10,"column":32},"end":{"line":10,"column":34}},"6":{"start":{"line":12,"column":4},"end":{"line":22,"column":5}},"7":{"start":{"line":13,"column":6},"end":{"line":15,"column":8}},"8":{"start":{"line":16,"column":11},"end":{"line":22,"column":5}},"9":{"start":{"line":17,"column":6},"end":{"line":19,"column":8}},"10":{"start":{"line":21,"column":6},"end":{"line":21,"column":81}},"11":{"start":{"line":24,"column":4},"end":{"line":24,"column":49}},"12":{"start":{"line":27,"column":56},"end":{"line":35,"column":3}},"13":{"start":{"line":28,"column":28},"end":{"line":32,"column":5}},"14":{"start":{"line":34,"column":4},"end":{"line":34,"column":27}},"15":{"start":{"line":37,"column":24},"end":{"line":43,"column":3}},"16":{"start":{"line":38,"column":32},"end":{"line":38,"column":104}},"17":{"start":{"line":40,"column":27},"end":{"line":40,"column":64}},"18":{"start":{"line":42,"column":4},"end":{"line":42,"column":80}},"19":{"start":{"line":45,"column":36},"end":{"line":47,"column":4}},"20":{"start":{"line":46,"column":4},"end":{"line":46,"column":111}},"21":{"start":{"line":49,"column":23},"end":{"line":53,"column":11}},"22":{"start":{"line":51,"column":6},"end":{"line":51,"column":54}},"23":{"start":{"line":55,"column":2},"end":{"line":55,"column":59}}},"fnMap":{"0":{"name":"(anonymous_0)","decl":{"start":{"line":1,"column":17},"end":{"line":1,"column":18}},"loc":{"start":{"line":1,"column":41},"end":{"line":56,"column":1}},"line":1},"1":{"name":"(anonymous_1)","decl":{"start":{"line":9,"column":34},"end":{"line":9,"column":35}},"loc":{"start":{"line":9,"column":90},"end":{"line":25,"column":3}},"line":9},"2":{"name":"(anonymous_2)","decl":{"start":{"line":27,"column":56},"end":{"line":27,"column":57}},"loc":{"start":{"line":27,"column":106},"end":{"line":35,"column":3}},"line":27},"3":{"name":"(anonymous_3)","decl":{"start":{"line":37,"column":24},"end":{"line":37,"column":25}},"loc":{"start":{"line":37,"column":53},"end":{"line":43,"column":3}},"line":37},"4":{"name":"(anonymous_4)","decl":{"start":{"line":45,"column":71},"end":{"line":45,"column":72}},"loc":{"start":{"line":45,"column":81},"end":{"line":47,"column":3}},"line":45},"5":{"name":"(anonymous_5)","decl":{"start":{"line":50,"column":13},"end":{"line":50,"column":14}},"loc":{"start":{"line":50,"column":27},"end":{"line":52,"column":5}},"line":50}},"branchMap":{"0":{"loc":{"start":{"line":4,"column":23},"end":{"line":4,"column":66}},"type":"binary-expr","locations":[{"start":{"line":4,"column":23},"end":{"line":4,"column":43}},{"start":{"line":4,"column":47},"end":{"line":4,"column":66}}],"line":4},"1":{"loc":{"start":{"line":9,"column":66},"end":{"line":9,"column":85}},"type":"default-arg","locations":[{"start":{"line":9,"column":81},"end":{"line":9,"column":85}}],"line":9},"2":{"loc":{"start":{"line":12,"column":4},"end":{"line":22,"column":5}},"type":"if","locations":[{"start":{"line":12,"column":4},"end":{"line":22,"column":5}},{"start":{"line":12,"column":4},"end":{"line":22,"column":5}}],"line":12},"3":{"loc":{"start":{"line":16,"column":11},"end":{"line":22,"column":5}},"type":"if","locations":[{"start":{"line":16,"column":11},"end":{"line":22,"column":5}},{"start":{"line":16,"column":11},"end":{"line":22,"column":5}}],"line":16},"4":{"loc":{"start":{"line":27,"column":82},"end":{"line":27,"column":101}},"type":"default-arg","locations":[{"start":{"line":27,"column":97},"end":{"line":27,"column":101}}],"line":27},"5":{"loc":{"start":{"line":46,"column":11},"end":{"line":46,"column":110}},"type":"binary-expr","locations":[{"start":{"line":46,"column":11},"end":{"line":46,"column":59}},{"start":{"line":46,"column":63},"end":{"line":46,"column":110}}],"line":46},"6":{"loc":{"start":{"line":55,"column":9},"end":{"line":55,"column":58}},"type":"cond-expr","locations":[{"start":{"line":55,"column":24},"end":{"line":55,"column":51}},{"start":{"line":55,"column":54},"end":{"line":55,"column":58}}],"line":55}},"s":{"0":1,"1":1,"2":1,"3":1,"4":1,"5":4,"6":4,"7":1,"8":3,"9":0,"10":3,"11":4,"12":1,"13":2,"14":2,"15":1,"16":1,"17":1,"18":1,"19":1,"20":2,"21":1,"22":1,"23":1},"f":{"0":1,"1":4,"2":2,"3":1,"4":2,"5":1},"b":{"0":[1,1],"1":[0],"2":[1,3],"3":[0,3],"4":[1],"5":[2,2],"6":[1,0]},"_coverageSchema":"1a1c01bbd47fc00a2c39e90264f33305004495a9","hash":"5bc3c0926ce87dfd11237bb8eec18a6f9f08bb73"}
,"/Users/Anshul/fix-js/transforms/no-unused-vars.js": {"path":"/Users/Anshul/fix-js/transforms/no-unused-vars.js","statementMap":{"0":{"start":{"line":1,"column":0},"end":{"line":89,"column":2}},"1":{"start":{"line":2,"column":12},"end":{"line":2,"column":27}},"2":{"start":{"line":4,"column":23},"end":{"line":4,"column":66}},"3":{"start":{"line":5,"column":15},"end":{"line":5,"column":29}},"4":{"start":{"line":9,"column":29},"end":{"line":19,"column":3}},"5":{"start":{"line":10,"column":27},"end":{"line":16,"column":6}},"6":{"start":{"line":11,"column":6},"end":{"line":13,"column":7}},"7":{"start":{"line":12,"column":8},"end":{"line":12,"column":49}},"8":{"start":{"line":15,"column":6},"end":{"line":15,"column":45}},"9":{"start":{"line":18,"column":4},"end":{"line":18,"column":37}},"10":{"start":{"line":21,"column":27},"end":{"line":31,"column":3}},"11":{"start":{"line":22,"column":27},"end":{"line":28,"column":6}},"12":{"start":{"line":23,"column":6},"end":{"line":25,"column":7}},"13":{"start":{"line":24,"column":8},"end":{"line":24,"column":49}},"14":{"start":{"line":27,"column":6},"end":{"line":27,"column":45}},"15":{"start":{"line":30,"column":4},"end":{"line":30,"column":33}},"16":{"start":{"line":33,"column":32},"end":{"line":45,"column":3}},"17":{"start":{"line":34,"column":29},"end":{"line":34,"column":31}},"18":{"start":{"line":36,"column":4},"end":{"line":42,"column":7}},"19":{"start":{"line":37,"column":27},"end":{"line":37,"column":41}},"20":{"start":{"line":39,"column":6},"end":{"line":41,"column":7}},"21":{"start":{"line":40,"column":8},"end":{"line":40,"column":35}},"22":{"start":{"line":44,"column":4},"end":{"line":44,"column":30}},"23":{"start":{"line":47,"column":32},"end":{"line":72,"column":3}},"24":{"start":{"line":48,"column":31},"end":{"line":48,"column":62}},"25":{"start":{"line":50,"column":4},"end":{"line":54,"column":5}},"26":{"start":{"line":51,"column":6},"end":{"line":51,"column":85}},"27":{"start":{"line":53,"column":6},"end":{"line":53,"column":33}},"28":{"start":{"line":56,"column":38},"end":{"line":56,"column":77}},"29":{"start":{"line":58,"column":4},"end":{"line":71,"column":7}},"30":{"start":{"line":59,"column":6},"end":{"line":65,"column":9}},"31":{"start":{"line":60,"column":8},"end":{"line":62,"column":9}},"32":{"start":{"line":61,"column":10},"end":{"line":61,"column":23}},"33":{"start":{"line":64,"column":8},"end":{"line":64,"column":20}},"34":{"start":{"line":67,"column":6},"end":{"line":70,"column":7}},"35":{"start":{"line":69,"column":8},"end":{"line":69,"column":34}},"36":{"start":{"line":74,"column":40},"end":{"line":79,"column":11}},"37":{"start":{"line":77,"column":6},"end":{"line":77,"column":38}},"38":{"start":{"line":81,"column":41},"end":{"line":86,"column":11}},"39":{"start":{"line":84,"column":6},"end":{"line":84,"column":38}},"40":{"start":{"line":88,"column":2},"end":{"line":88,"column":110}}},"fnMap":{"0":{"name":"(anonymous_0)","decl":{"start":{"line":1,"column":17},"end":{"line":1,"column":18}},"loc":{"start":{"line":1,"column":41},"end":{"line":89,"column":1}},"line":1},"1":{"name":"(anonymous_1)","decl":{"start":{"line":9,"column":29},"end":{"line":9,"column":30}},"loc":{"start":{"line":9,"column":67},"end":{"line":19,"column":3}},"line":9},"2":{"name":"(anonymous_2)","decl":{"start":{"line":10,"column":96},"end":{"line":10,"column":97}},"loc":{"start":{"line":10,"column":109},"end":{"line":16,"column":5}},"line":10},"3":{"name":"(anonymous_3)","decl":{"start":{"line":21,"column":27},"end":{"line":21,"column":28}},"loc":{"start":{"line":21,"column":65},"end":{"line":31,"column":3}},"line":21},"4":{"name":"(anonymous_4)","decl":{"start":{"line":22,"column":96},"end":{"line":22,"column":97}},"loc":{"start":{"line":22,"column":109},"end":{"line":28,"column":5}},"line":22},"5":{"name":"(anonymous_5)","decl":{"start":{"line":33,"column":32},"end":{"line":33,"column":33}},"loc":{"start":{"line":33,"column":46},"end":{"line":45,"column":3}},"line":33},"6":{"name":"(anonymous_6)","decl":{"start":{"line":36,"column":34},"end":{"line":36,"column":35}},"loc":{"start":{"line":36,"column":56},"end":{"line":42,"column":5}},"line":36},"7":{"name":"(anonymous_7)","decl":{"start":{"line":47,"column":32},"end":{"line":47,"column":33}},"loc":{"start":{"line":47,"column":46},"end":{"line":72,"column":3}},"line":47},"8":{"name":"(anonymous_8)","decl":{"start":{"line":58,"column":38},"end":{"line":58,"column":39}},"loc":{"start":{"line":58,"column":59},"end":{"line":71,"column":5}},"line":58},"9":{"name":"(anonymous_9)","decl":{"start":{"line":59,"column":85},"end":{"line":59,"column":86}},"loc":{"start":{"line":59,"column":106},"end":{"line":65,"column":7}},"line":59},"10":{"name":"(anonymous_10)","decl":{"start":{"line":76,"column":13},"end":{"line":76,"column":14}},"loc":{"start":{"line":76,"column":27},"end":{"line":78,"column":5}},"line":76},"11":{"name":"(anonymous_11)","decl":{"start":{"line":83,"column":13},"end":{"line":83,"column":14}},"loc":{"start":{"line":83,"column":27},"end":{"line":85,"column":5}},"line":83}},"branchMap":{"0":{"loc":{"start":{"line":4,"column":23},"end":{"line":4,"column":66}},"type":"binary-expr","locations":[{"start":{"line":4,"column":23},"end":{"line":4,"column":43}},{"start":{"line":4,"column":47},"end":{"line":4,"column":66}}],"line":4},"1":{"loc":{"start":{"line":11,"column":6},"end":{"line":13,"column":7}},"type":"if","locations":[{"start":{"line":11,"column":6},"end":{"line":13,"column":7}},{"start":{"line":11,"column":6},"end":{"line":13,"column":7}}],"line":11},"2":{"loc":{"start":{"line":23,"column":6},"end":{"line":25,"column":7}},"type":"if","locations":[{"start":{"line":23,"column":6},"end":{"line":25,"column":7}},{"start":{"line":23,"column":6},"end":{"line":25,"column":7}}],"line":23},"3":{"loc":{"start":{"line":39,"column":6},"end":{"line":41,"column":7}},"type":"if","locations":[{"start":{"line":39,"column":6},"end":{"line":41,"column":7}},{"start":{"line":39,"column":6},"end":{"line":41,"column":7}}],"line":39},"4":{"loc":{"start":{"line":50,"column":4},"end":{"line":54,"column":5}},"type":"if","locations":[{"start":{"line":50,"column":4},"end":{"line":54,"column":5}},{"start":{"line":50,"column":4},"end":{"line":54,"column":5}}],"line":50},"5":{"loc":{"start":{"line":60,"column":8},"end":{"line":62,"column":9}},"type":"if","locations":[{"start":{"line":60,"column":8},"end":{"line":62,"column":9}},{"start":{"line":60,"column":8},"end":{"line":62,"column":9}}],"line":60},"6":{"loc":{"start":{"line":60,"column":12},"end":{"line":60,"column":89}},"type":"binary-expr","locations":[{"start":{"line":60,"column":12},"end":{"line":60,"column":30}},{"start":{"line":60,"column":34},"end":{"line":60,"column":89}}],"line":60},"7":{"loc":{"start":{"line":67,"column":6},"end":{"line":70,"column":7}},"type":"if","locations":[{"start":{"line":67,"column":6},"end":{"line":70,"column":7}},{"start":{"line":67,"column":6},"end":{"line":70,"column":7}}],"line":67},"8":{"loc":{"start":{"line":88,"column":9},"end":{"line":88,"column":109}},"type":"cond-expr","locations":[{"start":{"line":88,"column":75},"end":{"line":88,"column":102}},{"start":{"line":88,"column":105},"end":{"line":88,"column":109}}],"line":88},"9":{"loc":{"start":{"line":88,"column":9},"end":{"line":88,"column":72}},"type":"binary-expr","locations":[{"start":{"line":88,"column":9},"end":{"line":88,"column":38}},{"start":{"line":88,"column":42},"end":{"line":88,"column":72}}],"line":88}},"s":{"0":1,"1":1,"2":1,"3":1,"4":1,"5":0,"6":0,"7":0,"8":0,"9":0,"10":1,"11":0,"12":0,"13":0,"14":0,"15":0,"16":1,"17":0,"18":0,"19":0,"20":0,"21":0,"22":0,"23":1,"24":0,"25":0,"26":0,"27":0,"28":0,"29":0,"30":0,"31":0,"32":0,"33":0,"34":0,"35":0,"36":1,"37":0,"38":1,"39":0,"40":1},"f":{"0":1,"1":0,"2":0,"3":0,"4":0,"5":0,"6":0,"7":0,"8":0,"9":0,"10":0,"11":0},"b":{"0":[1,1],"1":[0,0],"2":[0,0],"3":[0,0],"4":[0,0],"5":[0,0],"6":[0,0],"7":[0,0],"8":[0,1],"9":[1,1]},"_coverageSchema":"1a1c01bbd47fc00a2c39e90264f33305004495a9","hash":"9c3afd2fed7ceb2776c480a5fcbfb78c2e50b1a3"}
,"/Users/Anshul/fix-js/transforms/react-action-as.js": {"path":"/Users/Anshul/fix-js/transforms/react-action-as.js","statementMap":{"0":{"start":{"line":1,"column":0},"end":{"line":51,"column":2}},"1":{"start":{"line":2,"column":12},"end":{"line":2,"column":27}},"2":{"start":{"line":4,"column":23},"end":{"line":4,"column":66}},"3":{"start":{"line":5,"column":15},"end":{"line":5,"column":29}},"4":{"start":{"line":9,"column":36},"end":{"line":26,"column":11}},"5":{"start":{"line":11,"column":6},"end":{"line":11,"column":55}},"6":{"start":{"line":14,"column":32},"end":{"line":16,"column":8}},"7":{"start":{"line":15,"column":8},"end":{"line":15,"column":48}},"8":{"start":{"line":18,"column":6},"end":{"line":24,"column":9}},"9":{"start":{"line":19,"column":8},"end":{"line":21,"column":9}},"10":{"start":{"line":20,"column":10},"end":{"line":20,"column":113}},"11":{"start":{"line":23,"column":8},"end":{"line":23,"column":24}},"12":{"start":{"line":28,"column":30},"end":{"line":48,"column":11}},"13":{"start":{"line":30,"column":6},"end":{"line":30,"column":91}},"14":{"start":{"line":33,"column":6},"end":{"line":46,"column":9}},"15":{"start":{"line":34,"column":8},"end":{"line":36,"column":9}},"16":{"start":{"line":35,"column":10},"end":{"line":35,"column":27}},"17":{"start":{"line":38,"column":8},"end":{"line":43,"column":9}},"18":{"start":{"line":39,"column":10},"end":{"line":42,"column":12}},"19":{"start":{"line":45,"column":8},"end":{"line":45,"column":25}},"20":{"start":{"line":50,"column":2},"end":{"line":50,"column":95}}},"fnMap":{"0":{"name":"(anonymous_0)","decl":{"start":{"line":1,"column":17},"end":{"line":1,"column":18}},"loc":{"start":{"line":1,"column":41},"end":{"line":51,"column":1}},"line":1},"1":{"name":"(anonymous_1)","decl":{"start":{"line":10,"column":28},"end":{"line":10,"column":29}},"loc":{"start":{"line":10,"column":38},"end":{"line":12,"column":5}},"line":10},"2":{"name":"(anonymous_2)","decl":{"start":{"line":13,"column":13},"end":{"line":13,"column":14}},"loc":{"start":{"line":13,"column":27},"end":{"line":25,"column":5}},"line":13},"3":{"name":"(anonymous_3)","decl":{"start":{"line":14,"column":62},"end":{"line":14,"column":63}},"loc":{"start":{"line":14,"column":72},"end":{"line":16,"column":7}},"line":14},"4":{"name":"(anonymous_4)","decl":{"start":{"line":18,"column":70},"end":{"line":18,"column":71}},"loc":{"start":{"line":18,"column":84},"end":{"line":24,"column":7}},"line":18},"5":{"name":"(anonymous_5)","decl":{"start":{"line":29,"column":31},"end":{"line":29,"column":32}},"loc":{"start":{"line":29,"column":41},"end":{"line":31,"column":5}},"line":29},"6":{"name":"(anonymous_6)","decl":{"start":{"line":32,"column":13},"end":{"line":32,"column":14}},"loc":{"start":{"line":32,"column":27},"end":{"line":47,"column":5}},"line":32},"7":{"name":"(anonymous_7)","decl":{"start":{"line":33,"column":64},"end":{"line":33,"column":65}},"loc":{"start":{"line":33,"column":79},"end":{"line":46,"column":7}},"line":33}},"branchMap":{"0":{"loc":{"start":{"line":4,"column":23},"end":{"line":4,"column":66}},"type":"binary-expr","locations":[{"start":{"line":4,"column":23},"end":{"line":4,"column":43}},{"start":{"line":4,"column":47},"end":{"line":4,"column":66}}],"line":4},"1":{"loc":{"start":{"line":19,"column":8},"end":{"line":21,"column":9}},"type":"if","locations":[{"start":{"line":19,"column":8},"end":{"line":21,"column":9}},{"start":{"line":19,"column":8},"end":{"line":21,"column":9}}],"line":19},"2":{"loc":{"start":{"line":30,"column":13},"end":{"line":30,"column":90}},"type":"binary-expr","locations":[{"start":{"line":30,"column":13},"end":{"line":30,"column":43}},{"start":{"line":30,"column":47},"end":{"line":30,"column":90}}],"line":30},"3":{"loc":{"start":{"line":34,"column":8},"end":{"line":36,"column":9}},"type":"if","locations":[{"start":{"line":34,"column":8},"end":{"line":36,"column":9}},{"start":{"line":34,"column":8},"end":{"line":36,"column":9}}],"line":34},"4":{"loc":{"start":{"line":38,"column":8},"end":{"line":43,"column":9}},"type":"if","locations":[{"start":{"line":38,"column":8},"end":{"line":43,"column":9}},{"start":{"line":38,"column":8},"end":{"line":43,"column":9}}],"line":38},"5":{"loc":{"start":{"line":50,"column":9},"end":{"line":50,"column":94}},"type":"cond-expr","locations":[{"start":{"line":50,"column":60},"end":{"line":50,"column":87}},{"start":{"line":50,"column":90},"end":{"line":50,"column":94}}],"line":50},"6":{"loc":{"start":{"line":50,"column":9},"end":{"line":50,"column":57}},"type":"binary-expr","locations":[{"start":{"line":50,"column":9},"end":{"line":50,"column":28}},{"start":{"line":50,"column":32},"end":{"line":50,"column":57}}],"line":50}},"s":{"0":1,"1":1,"2":1,"3":1,"4":1,"5":1,"6":1,"7":1,"8":1,"9":1,"10":1,"11":0,"12":1,"13":1,"14":1,"15":1,"16":0,"17":1,"18":1,"19":0,"20":1},"f":{"0":1,"1":1,"2":1,"3":1,"4":1,"5":1,"6":1,"7":1},"b":{"0":[1,1],"1":[1,0],"2":[1,1],"3":[0,1],"4":[1,0],"5":[1,0],"6":[1,0]},"_coverageSchema":"1a1c01bbd47fc00a2c39e90264f33305004495a9","hash":"ac98f4c59413464488eb3a698e8024a7a9c23607"}
,"/Users/Anshul/fix-js/transforms/react-destruct-assign.js": {"path":"/Users/Anshul/fix-js/transforms/react-destruct-assign.js","statementMap":{"0":{"start":{"line":1,"column":10},"end":{"line":1,"column":27}},"1":{"start":{"line":3,"column":0},"end":{"line":184,"column":2}},"2":{"start":{"line":4,"column":12},"end":{"line":4,"column":27}},"3":{"start":{"line":6,"column":23},"end":{"line":6,"column":66}},"4":{"start":{"line":7,"column":15},"end":{"line":7,"column":29}},"5":{"start":{"line":11,"column":38},"end":{"line":127,"column":4}},"6":{"start":{"line":13,"column":4},"end":{"line":126,"column":7}},"7":{"start":{"line":14,"column":34},"end":{"line":20,"column":10}},"8":{"start":{"line":16,"column":10},"end":{"line":16,"column":86}},"9":{"start":{"line":19,"column":10},"end":{"line":19,"column":71}},"10":{"start":{"line":23,"column":41},"end":{"line":25,"column":16}},"11":{"start":{"line":24,"column":27},"end":{"line":24,"column":79}},"12":{"start":{"line":27,"column":26},"end":{"line":27,"column":65}},"13":{"start":{"line":29,"column":6},"end":{"line":125,"column":9}},"14":{"start":{"line":30,"column":26},"end":{"line":30,"column":59}},"15":{"start":{"line":32,"column":34},"end":{"line":32,"column":46}},"16":{"start":{"line":34,"column":33},"end":{"line":34,"column":103}},"17":{"start":{"line":36,"column":26},"end":{"line":38,"column":10}},"18":{"start":{"line":37,"column":10},"end":{"line":37,"column":64}},"19":{"start":{"line":40,"column":8},"end":{"line":40,"column":86}},"20":{"start":{"line":42,"column":37},"end":{"line":42,"column":78}},"21":{"start":{"line":44,"column":35},"end":{"line":46,"column":77}},"22":{"start":{"line":46,"column":26},"end":{"line":46,"column":71}},"23":{"start":{"line":48,"column":27},"end":{"line":48,"column":29}},"24":{"start":{"line":50,"column":8},"end":{"line":54,"column":11}},"25":{"start":{"line":51,"column":10},"end":{"line":51,"column":69}},"26":{"start":{"line":53,"column":10},"end":{"line":53,"column":105}},"27":{"start":{"line":56,"column":8},"end":{"line":56,"column":44}},"28":{"start":{"line":58,"column":39},"end":{"line":60,"column":10}},"29":{"start":{"line":59,"column":10},"end":{"line":59,"column":39}},"30":{"start":{"line":62,"column":44},"end":{"line":69,"column":10}},"31":{"start":{"line":63,"column":10},"end":{"line":68,"column":12}},"32":{"start":{"line":71,"column":8},"end":{"line":124,"column":9}},"33":{"start":{"line":72,"column":47},"end":{"line":72,"column":105}},"34":{"start":{"line":74,"column":45},"end":{"line":74,"column":99}},"35":{"start":{"line":76,"column":39},"end":{"line":78,"column":12}},"36":{"start":{"line":77,"column":12},"end":{"line":77,"column":39}},"37":{"start":{"line":80,"column":10},"end":{"line":82,"column":13}},"38":{"start":{"line":81,"column":12},"end":{"line":81,"column":55}},"39":{"start":{"line":84,"column":10},"end":{"line":86,"column":11}},"40":{"start":{"line":85,"column":12},"end":{"line":85,"column":19}},"41":{"start":{"line":88,"column":32},"end":{"line":90,"column":12}},"42":{"start":{"line":89,"column":12},"end":{"line":89,"column":76}},"43":{"start":{"line":92,"column":10},"end":{"line":92,"column":116}},"44":{"start":{"line":95,"column":45},"end":{"line":95,"column":84}},"45":{"start":{"line":97,"column":10},"end":{"line":100,"column":11}},"46":{"start":{"line":99,"column":12},"end":{"line":99,"column":19}},"47":{"start":{"line":102,"column":10},"end":{"line":104,"column":13}},"48":{"start":{"line":103,"column":12},"end":{"line":103,"column":67}},"49":{"start":{"line":106,"column":10},"end":{"line":106,"column":70}},"50":{"start":{"line":108,"column":10},"end":{"line":110,"column":11}},"51":{"start":{"line":109,"column":12},"end":{"line":109,"column":19}},"52":{"start":{"line":112,"column":32},"end":{"line":114,"column":12}},"53":{"start":{"line":113,"column":12},"end":{"line":113,"column":76}},"54":{"start":{"line":116,"column":10},"end":{"line":123,"column":12}},"55":{"start":{"line":130,"column":15},"end":{"line":130,"column":22}},"56":{"start":{"line":132,"column":45},"end":{"line":181,"column":6}},"57":{"start":{"line":134,"column":6},"end":{"line":136,"column":9}},"58":{"start":{"line":135,"column":8},"end":{"line":135,"column":35}},"59":{"start":{"line":139,"column":34},"end":{"line":141,"column":8}},"60":{"start":{"line":140,"column":8},"end":{"line":140,"column":41}},"61":{"start":{"line":143,"column":25},"end":{"line":143,"column":27}},"62":{"start":{"line":145,"column":27},"end":{"line":145,"column":29}},"63":{"start":{"line":147,"column":6},"end":{"line":160,"column":9}},"64":{"start":{"line":148,"column":25},"end":{"line":148,"column":53}},"65":{"start":{"line":149,"column":8},"end":{"line":149,"column":36}},"66":{"start":{"line":151,"column":27},"end":{"line":151,"column":52}},"67":{"start":{"line":153,"column":8},"end":{"line":157,"column":9}},"68":{"start":{"line":154,"column":10},"end":{"line":154,"column":54}},"69":{"start":{"line":156,"column":10},"end":{"line":156,"column":74}},"70":{"start":{"line":159,"column":8},"end":{"line":159,"column":64}},"71":{"start":{"line":162,"column":6},"end":{"line":162,"column":42}},"72":{"start":{"line":164,"column":6},"end":{"line":180,"column":7}},"73":{"start":{"line":165,"column":27},"end":{"line":171,"column":10}},"74":{"start":{"line":166,"column":10},"end":{"line":168,"column":11}},"75":{"start":{"line":167,"column":12},"end":{"line":167,"column":90}},"76":{"start":{"line":170,"column":10},"end":{"line":170,"column":74}},"77":{"start":{"line":173,"column":8},"end":{"line":179,"column":11}},"78":{"start":{"line":174,"column":10},"end":{"line":176,"column":11}},"79":{"start":{"line":175,"column":12},"end":{"line":175,"column":47}},"80":{"start":{"line":178,"column":10},"end":{"line":178,"column":22}},"81":{"start":{"line":183,"column":2},"end":{"line":183,"column":112}}},"fnMap":{"0":{"name":"(anonymous_0)","decl":{"start":{"line":3,"column":17},"end":{"line":3,"column":18}},"loc":{"start":{"line":3,"column":41},"end":{"line":184,"column":1}},"line":3},"1":{"name":"(anonymous_1)","decl":{"start":{"line":11,"column":76},"end":{"line":11,"column":77}},"loc":{"start":{"line":11,"column":106},"end":{"line":127,"column":3}},"line":11},"2":{"name":"(anonymous_2)","decl":{"start":{"line":13,"column":31},"end":{"line":13,"column":32}},"loc":{"start":{"line":13,"column":41},"end":{"line":126,"column":5}},"line":13},"3":{"name":"(anonymous_3)","decl":{"start":{"line":15,"column":34},"end":{"line":15,"column":35}},"loc":{"start":{"line":15,"column":44},"end":{"line":17,"column":9}},"line":15},"4":{"name":"(anonymous_4)","decl":{"start":{"line":18,"column":16},"end":{"line":18,"column":17}},"loc":{"start":{"line":18,"column":30},"end":{"line":20,"column":9}},"line":18},"5":{"name":"(anonymous_5)","decl":{"start":{"line":24,"column":17},"end":{"line":24,"column":18}},"loc":{"start":{"line":24,"column":27},"end":{"line":24,"column":79}},"line":24},"6":{"name":"(anonymous_6)","decl":{"start":{"line":29,"column":26},"end":{"line":29,"column":27}},"loc":{"start":{"line":29,"column":37},"end":{"line":125,"column":7}},"line":29},"7":{"name":"(anonymous_7)","decl":{"start":{"line":36,"column":69},"end":{"line":36,"column":70}},"loc":{"start":{"line":36,"column":83},"end":{"line":38,"column":9}},"line":36},"8":{"name":"(anonymous_8)","decl":{"start":{"line":46,"column":16},"end":{"line":46,"column":17}},"loc":{"start":{"line":46,"column":26},"end":{"line":46,"column":71}},"line":46},"9":{"name":"(anonymous_9)","decl":{"start":{"line":50,"column":34},"end":{"line":50,"column":35}},"loc":{"start":{"line":50,"column":48},"end":{"line":54,"column":9}},"line":50},"10":{"name":"(anonymous_10)","decl":{"start":{"line":58,"column":86},"end":{"line":58,"column":87}},"loc":{"start":{"line":58,"column":96},"end":{"line":60,"column":9}},"line":58},"11":{"name":"(anonymous_11)","decl":{"start":{"line":62,"column":94},"end":{"line":62,"column":95}},"loc":{"start":{"line":62,"column":104},"end":{"line":69,"column":9}},"line":62},"12":{"name":"(anonymous_12)","decl":{"start":{"line":76,"column":70},"end":{"line":76,"column":71}},"loc":{"start":{"line":76,"column":84},"end":{"line":78,"column":11}},"line":76},"13":{"name":"(anonymous_13)","decl":{"start":{"line":80,"column":45},"end":{"line":80,"column":46}},"loc":{"start":{"line":80,"column":54},"end":{"line":82,"column":11}},"line":80},"14":{"name":"(anonymous_14)","decl":{"start":{"line":88,"column":49},"end":{"line":88,"column":50}},"loc":{"start":{"line":88,"column":58},"end":{"line":90,"column":11}},"line":88},"15":{"name":"(anonymous_15)","decl":{"start":{"line":102,"column":70},"end":{"line":102,"column":71}},"loc":{"start":{"line":102,"column":80},"end":{"line":104,"column":11}},"line":102},"16":{"name":"(anonymous_16)","decl":{"start":{"line":112,"column":49},"end":{"line":112,"column":50}},"loc":{"start":{"line":112,"column":58},"end":{"line":114,"column":11}},"line":112},"17":{"name":"(anonymous_17)","decl":{"start":{"line":133,"column":37},"end":{"line":133,"column":38}},"loc":{"start":{"line":133,"column":47},"end":{"line":137,"column":5}},"line":133},"18":{"name":"(anonymous_18)","decl":{"start":{"line":134,"column":30},"end":{"line":134,"column":31}},"loc":{"start":{"line":134,"column":41},"end":{"line":136,"column":7}},"line":134},"19":{"name":"(anonymous_19)","decl":{"start":{"line":138,"column":13},"end":{"line":138,"column":14}},"loc":{"start":{"line":138,"column":40},"end":{"line":181,"column":5}},"line":138},"20":{"name":"(anonymous_20)","decl":{"start":{"line":139,"column":84},"end":{"line":139,"column":85}},"loc":{"start":{"line":139,"column":94},"end":{"line":141,"column":7}},"line":139},"21":{"name":"(anonymous_21)","decl":{"start":{"line":147,"column":34},"end":{"line":147,"column":35}},"loc":{"start":{"line":147,"column":48},"end":{"line":160,"column":7}},"line":147},"22":{"name":"(anonymous_22)","decl":{"start":{"line":165,"column":44},"end":{"line":165,"column":45}},"loc":{"start":{"line":165,"column":53},"end":{"line":171,"column":9}},"line":165},"23":{"name":"(anonymous_23)","decl":{"start":{"line":173,"column":84},"end":{"line":173,"column":85}},"loc":{"start":{"line":173,"column":94},"end":{"line":179,"column":9}},"line":173}},"branchMap":{"0":{"loc":{"start":{"line":6,"column":23},"end":{"line":6,"column":66}},"type":"binary-expr","locations":[{"start":{"line":6,"column":23},"end":{"line":6,"column":43}},{"start":{"line":6,"column":47},"end":{"line":6,"column":66}}],"line":6},"1":{"loc":{"start":{"line":16,"column":17},"end":{"line":16,"column":85}},"type":"binary-expr","locations":[{"start":{"line":16,"column":17},"end":{"line":16,"column":54}},{"start":{"line":16,"column":58},"end":{"line":16,"column":85}}],"line":16},"2":{"loc":{"start":{"line":64,"column":12},"end":{"line":67,"column":44}},"type":"binary-expr","locations":[{"start":{"line":64,"column":12},"end":{"line":64,"column":49}},{"start":{"line":65,"column":12},"end":{"line":65,"column":54}},{"start":{"line":66,"column":12},"end":{"line":66,"column":52}},{"start":{"line":67,"column":12},"end":{"line":67,"column":44}}],"line":64},"3":{"loc":{"start":{"line":71,"column":8},"end":{"line":124,"column":9}},"type":"if","locations":[{"start":{"line":71,"column":8},"end":{"line":124,"column":9}},{"start":{"line":71,"column":8},"end":{"line":124,"column":9}}],"line":71},"4":{"loc":{"start":{"line":84,"column":10},"end":{"line":86,"column":11}},"type":"if","locations":[{"start":{"line":84,"column":10},"end":{"line":86,"column":11}},{"start":{"line":84,"column":10},"end":{"line":86,"column":11}}],"line":84},"5":{"loc":{"start":{"line":97,"column":10},"end":{"line":100,"column":11}},"type":"if","locations":[{"start":{"line":97,"column":10},"end":{"line":100,"column":11}},{"start":{"line":97,"column":10},"end":{"line":100,"column":11}}],"line":97},"6":{"loc":{"start":{"line":108,"column":10},"end":{"line":110,"column":11}},"type":"if","locations":[{"start":{"line":108,"column":10},"end":{"line":110,"column":11}},{"start":{"line":108,"column":10},"end":{"line":110,"column":11}}],"line":108},"7":{"loc":{"start":{"line":153,"column":8},"end":{"line":157,"column":9}},"type":"if","locations":[{"start":{"line":153,"column":8},"end":{"line":157,"column":9}},{"start":{"line":153,"column":8},"end":{"line":157,"column":9}}],"line":153},"8":{"loc":{"start":{"line":164,"column":6},"end":{"line":180,"column":7}},"type":"if","locations":[{"start":{"line":164,"column":6},"end":{"line":180,"column":7}},{"start":{"line":164,"column":6},"end":{"line":180,"column":7}}],"line":164},"9":{"loc":{"start":{"line":166,"column":10},"end":{"line":168,"column":11}},"type":"if","locations":[{"start":{"line":166,"column":10},"end":{"line":168,"column":11}},{"start":{"line":166,"column":10},"end":{"line":168,"column":11}}],"line":166},"10":{"loc":{"start":{"line":174,"column":10},"end":{"line":176,"column":11}},"type":"if","locations":[{"start":{"line":174,"column":10},"end":{"line":176,"column":11}},{"start":{"line":174,"column":10},"end":{"line":176,"column":11}}],"line":174},"11":{"loc":{"start":{"line":183,"column":9},"end":{"line":183,"column":111}},"type":"cond-expr","locations":[{"start":{"line":183,"column":77},"end":{"line":183,"column":104}},{"start":{"line":183,"column":107},"end":{"line":183,"column":111}}],"line":183},"12":{"loc":{"start":{"line":183,"column":9},"end":{"line":183,"column":74}},"type":"binary-expr","locations":[{"start":{"line":183,"column":9},"end":{"line":183,"column":36}},{"start":{"line":183,"column":40},"end":{"line":183,"column":74}}],"line":183}},"s":{"0":1,"1":1,"2":1,"3":1,"4":1,"5":1,"6":1,"7":2,"8":10,"9":3,"10":2,"11":3,"12":2,"13":2,"14":2,"15":2,"16":2,"17":2,"18":3,"19":2,"20":2,"21":2,"22":2,"23":2,"24":2,"25":3,"26":3,"27":2,"28":2,"29":0,"30":2,"31":0,"32":2,"33":0,"34":0,"35":0,"36":0,"37":0,"38":0,"39":0,"40":0,"41":0,"42":0,"43":0,"44":0,"45":0,"46":0,"47":0,"48":0,"49":0,"50":2,"51":0,"52":2,"53":3,"54":2,"55":1,"56":1,"57":2,"58":1,"59":1,"60":2,"61":1,"62":1,"63":1,"64":2,"65":2,"66":2,"67":2,"68":1,"69":1,"70":2,"71":1,"72":1,"73":1,"74":2,"75":1,"76":1,"77":1,"78":1,"79":1,"80":0,"81":1},"f":{"0":1,"1":1,"2":2,"3":10,"4":3,"5":3,"6":2,"7":3,"8":2,"9":3,"10":0,"11":0,"12":0,"13":0,"14":0,"15":0,"16":3,"17":2,"18":1,"19":1,"20":2,"21":2,"22":2,"23":1},"b":{"0":[1,1],"1":[10,5],"2":[0,0,0,0],"3":[0,2],"4":[0,0],"5":[0,0],"6":[0,2],"7":[1,1],"8":[1,0],"9":[1,1],"10":[1,0],"11":[1,0],"12":[1,0]},"_coverageSchema":"1a1c01bbd47fc00a2c39e90264f33305004495a9","hash":"97a0da72fd4cc9a98ec6cdd5561b1608bca049dd"}
}
