TN:
SF:transforms/no-lonely-if.js
FN:1,(anonymous_0)
FN:11,(anonymous_1)
FN:26,(anonymous_2)
FN:31,(anonymous_3)
FN:35,(anonymous_4)
FNF:5
FNH:5
FNDA:1,(anonymous_0)
FNDA:2,(anonymous_1)
FNDA:2,(anonymous_2)
FNDA:1,(anonymous_3)
FNDA:1,(anonymous_4)
DA:1,1
DA:2,1
DA:4,1
DA:5,1
DA:9,1
DA:12,2
DA:14,2
DA:15,2
DA:17,2
DA:24,0
DA:27,2
DA:29,2
DA:31,2
DA:32,1
DA:35,2
DA:36,1
DA:41,1
LF:17
LH:16
BRDA:4,0,0,1
BRDA:4,0,1,1
BRDA:14,1,0,2
BRDA:14,1,1,0
BRDA:18,2,0,2
BRDA:18,2,1,2
BRDA:18,2,2,2
BRDA:32,3,0,1
BRDA:32,3,1,1
BRDA:41,4,0,1
BRDA:41,4,1,0
BRF:11
BRH:9
end_of_record
TN:
SF:transforms/no-nested-ternary.js
FN:1,(anonymous_0)
FN:9,(anonymous_1)
FN:27,(anonymous_2)
FN:37,(anonymous_3)
FN:45,(anonymous_4)
FN:50,(anonymous_5)
FNF:6
FNH:6
FNDA:1,(anonymous_0)
FNDA:4,(anonymous_1)
FNDA:2,(anonymous_2)
FNDA:1,(anonymous_3)
FNDA:2,(anonymous_4)
FNDA:1,(anonymous_5)
DA:1,1
DA:2,1
DA:4,1
DA:5,1
DA:9,1
DA:10,4
DA:12,4
DA:13,1
DA:16,3
DA:17,0
DA:21,3
DA:24,4
DA:27,1
DA:28,2
DA:34,2
DA:37,1
DA:38,1
DA:40,1
DA:42,1
DA:45,1
DA:46,2
DA:49,1
DA:51,1
DA:55,1
LF:24
LH:23
BRDA:4,0,0,1
BRDA:4,0,1,1
BRDA:9,1,0,0
BRDA:12,2,0,1
BRDA:12,2,1,3
BRDA:16,3,0,0
BRDA:16,3,1,3
BRDA:27,4,0,1
BRDA:46,5,0,2
BRDA:46,5,1,2
BRDA:55,6,0,1
BRDA:55,6,1,0
BRF:12
BRH:9
end_of_record
TN:
SF:transforms/no-unused-vars.js
FN:1,(anonymous_0)
FN:9,(anonymous_1)
FN:10,(anonymous_2)
FN:21,(anonymous_3)
FN:22,(anonymous_4)
FN:33,(anonymous_5)
FN:36,(anonymous_6)
FN:47,(anonymous_7)
FN:58,(anonymous_8)
FN:59,(anonymous_9)
FN:76,(anonymous_10)
FN:83,(anonymous_11)
FNF:12
FNH:1
FNDA:1,(anonymous_0)
FNDA:0,(anonymous_1)
FNDA:0,(anonymous_2)
FNDA:0,(anonymous_3)
FNDA:0,(anonymous_4)
FNDA:0,(anonymous_5)
FNDA:0,(anonymous_6)
FNDA:0,(anonymous_7)
FNDA:0,(anonymous_8)
FNDA:0,(anonymous_9)
FNDA:0,(anonymous_10)
FNDA:0,(anonymous_11)
DA:1,1
DA:2,1
DA:4,1
DA:5,1
DA:9,1
DA:10,0
DA:11,0
DA:12,0
DA:15,0
DA:18,0
DA:21,1
DA:22,0
DA:23,0
DA:24,0
DA:27,0
DA:30,0
DA:33,1
DA:34,0
DA:36,0
DA:37,0
DA:39,0
DA:40,0
DA:44,0
DA:47,1
DA:48,0
DA:50,0
DA:51,0
DA:53,0
DA:56,0
DA:58,0
DA:59,0
DA:60,0
DA:61,0
DA:64,0
DA:67,0
DA:69,0
DA:74,1
DA:77,0
DA:81,1
DA:84,0
DA:88,1
LF:41
LH:11
BRDA:4,0,0,1
BRDA:4,0,1,1
BRDA:11,1,0,0
BRDA:11,1,1,0
BRDA:23,2,0,0
BRDA:23,2,1,0
BRDA:39,3,0,0
BRDA:39,3,1,0
BRDA:50,4,0,0
BRDA:50,4,1,0
BRDA:60,5,0,0
BRDA:60,5,1,0
BRDA:60,6,0,0
BRDA:60,6,1,0
BRDA:67,7,0,0
BRDA:67,7,1,0
BRDA:88,8,0,0
BRDA:88,8,1,1
BRDA:88,9,0,1
BRDA:88,9,1,1
BRF:20
BRH:5
end_of_record
TN:
SF:transforms/react-action-as.js
FN:1,(anonymous_0)
FN:10,(anonymous_1)
FN:13,(anonymous_2)
FN:14,(anonymous_3)
FN:18,(anonymous_4)
FN:29,(anonymous_5)
FN:32,(anonymous_6)
FN:33,(anonymous_7)
FNF:8
FNH:8
FNDA:1,(anonymous_0)
FNDA:1,(anonymous_1)
FNDA:1,(anonymous_2)
FNDA:1,(anonymous_3)
FNDA:1,(anonymous_4)
FNDA:1,(anonymous_5)
FNDA:1,(anonymous_6)
FNDA:1,(anonymous_7)
DA:1,1
DA:2,1
DA:4,1
DA:5,1
DA:9,1
DA:11,1
DA:14,1
DA:15,1
DA:18,1
DA:19,1
DA:20,1
DA:23,0
DA:28,1
DA:30,1
DA:33,1
DA:34,1
DA:35,0
DA:38,1
DA:39,1
DA:45,0
DA:50,1
LF:21
LH:18
BRDA:4,0,0,1
BRDA:4,0,1,1
BRDA:19,1,0,1
BRDA:19,1,1,0
BRDA:30,2,0,1
BRDA:30,2,1,1
BRDA:34,3,0,0
BRDA:34,3,1,1
BRDA:38,4,0,1
BRDA:38,4,1,0
BRDA:50,5,0,1
BRDA:50,5,1,0
BRDA:50,6,0,1
BRDA:50,6,1,0
BRF:14
BRH:9
end_of_record
TN:
SF:transforms/react-destruct-assign.js
FN:3,(anonymous_0)
FN:11,(anonymous_1)
FN:13,(anonymous_2)
FN:15,(anonymous_3)
FN:18,(anonymous_4)
FN:24,(anonymous_5)
FN:29,(anonymous_6)
FN:36,(anonymous_7)
FN:46,(anonymous_8)
FN:50,(anonymous_9)
FN:58,(anonymous_10)
FN:62,(anonymous_11)
FN:76,(anonymous_12)
FN:80,(anonymous_13)
FN:88,(anonymous_14)
FN:102,(anonymous_15)
FN:112,(anonymous_16)
FN:133,(anonymous_17)
FN:134,(anonymous_18)
FN:138,(anonymous_19)
FN:139,(anonymous_20)
FN:147,(anonymous_21)
FN:165,(anonymous_22)
FN:173,(anonymous_23)
FNF:24
FNH:18
FNDA:1,(anonymous_0)
FNDA:1,(anonymous_1)
FNDA:2,(anonymous_2)
FNDA:10,(anonymous_3)
FNDA:3,(anonymous_4)
FNDA:3,(anonymous_5)
FNDA:2,(anonymous_6)
FNDA:3,(anonymous_7)
FNDA:2,(anonymous_8)
FNDA:3,(anonymous_9)
FNDA:0,(anonymous_10)
FNDA:0,(anonymous_11)
FNDA:0,(anonymous_12)
FNDA:0,(anonymous_13)
FNDA:0,(anonymous_14)
FNDA:0,(anonymous_15)
FNDA:3,(anonymous_16)
FNDA:2,(anonymous_17)
FNDA:1,(anonymous_18)
FNDA:1,(anonymous_19)
FNDA:2,(anonymous_20)
FNDA:2,(anonymous_21)
FNDA:2,(anonymous_22)
FNDA:1,(anonymous_23)
DA:1,1
DA:3,1
DA:4,1
DA:6,1
DA:7,1
DA:11,1
DA:13,1
DA:14,2
DA:16,10
DA:19,3
DA:23,2
DA:24,3
DA:27,2
DA:29,2
DA:30,2
DA:32,2
DA:34,2
DA:36,2
DA:37,3
DA:40,2
DA:42,2
DA:44,2
DA:46,2
DA:48,2
DA:50,2
DA:51,3
DA:53,3
DA:56,2
DA:58,2
DA:59,0
DA:62,2
DA:63,0
DA:71,2
DA:72,0
DA:74,0
DA:76,0
DA:77,0
DA:80,0
DA:81,0
DA:84,0
DA:85,0
DA:88,0
DA:89,0
DA:92,0
DA:95,0
DA:97,0
DA:99,0
DA:102,0
DA:103,0
DA:106,0
DA:108,2
DA:109,0
DA:112,2
DA:113,3
DA:116,2
DA:130,1
DA:132,1
DA:134,2
DA:135,1
DA:139,1
DA:140,2
DA:143,1
DA:145,1
DA:147,1
DA:148,2
DA:149,2
DA:151,2
DA:153,2
DA:154,1
DA:156,1
DA:159,2
DA:162,1
DA:164,1
DA:165,1
DA:166,2
DA:167,1
DA:170,1
DA:173,1
DA:174,1
DA:175,1
DA:178,0
DA:183,1
LF:82
LH:61
BRDA:6,0,0,1
BRDA:6,0,1,1
BRDA:16,1,0,10
BRDA:16,1,1,5
BRDA:64,2,0,0
BRDA:64,2,1,0
BRDA:64,2,2,0
BRDA:64,2,3,0
BRDA:71,3,0,0
BRDA:71,3,1,2
BRDA:84,4,0,0
BRDA:84,4,1,0
BRDA:97,5,0,0
BRDA:97,5,1,0
BRDA:108,6,0,0
BRDA:108,6,1,2
BRDA:153,7,0,1
BRDA:153,7,1,1
BRDA:164,8,0,1
BRDA:164,8,1,0
BRDA:166,9,0,1
BRDA:166,9,1,1
BRDA:174,10,0,1
BRDA:174,10,1,0
BRDA:183,11,0,1
BRDA:183,11,1,0
BRDA:183,12,0,1
BRDA:183,12,1,0
BRF:28
BRH:14
end_of_record
